{"contracts/ZombieFactory.sol":{"l":{"28":1,"30":1,"44":1,"45":1,"53":1,"54":1},"path":"/Users/tnguyen/freelance/2011-EPITA/classes/class03/cryptozombies-spring2/contracts/ZombieFactory.sol","s":{"1":1,"2":1,"3":1,"4":1,"5":1,"6":1},"b":{},"f":{"1":1,"2":1,"3":1},"fnMap":{"1":{"name":"_createZombie","line":27,"loc":{"start":{"line":27,"column":1},"end":{"line":31,"column":1}}},"2":{"name":"_generateRandomDna","line":38,"loc":{"start":{"line":38,"column":1},"end":{"line":46,"column":1}}},"3":{"name":"createRandomZombie","line":52,"loc":{"start":{"line":52,"column":1},"end":{"line":55,"column":1}}}},"statementMap":{"1":{"start":{"line":28,"column":2},"end":{"line":28,"column":34}},"2":{"start":{"line":30,"column":2},"end":{"line":30,"column":49}},"3":{"start":{"line":44,"column":2},"end":{"line":44,"column":59}},"4":{"start":{"line":45,"column":2},"end":{"line":45,"column":26}},"5":{"start":{"line":53,"column":2},"end":{"line":53,"column":45}},"6":{"start":{"line":54,"column":2},"end":{"line":54,"column":30}}},"branchMap":{}}}